android/app/build/intermediates/manifest_merge_blame_file/debug/manifest-merger-blame-debug-report.txt
1<?xml version="1.0" encoding="utf-8"?>
2<manifest xmlns:android="http://schemas.android.com/apk/res/android"
3    package="com.theriphy.app"
4    android:versionCode="1"
5    android:versionName="1.0" >
6
7    <uses-sdk
8        android:minSdkVersion="21"
9        android:targetSdkVersion="29" />
10
11    <uses-permission android:name="android.permission.SYSTEM_ALERT_WINDOW" />
11-->src/debug/AndroidManifest.xml:5:5-77
11-->src/debug/AndroidManifest.xml:5:22-75
12    <uses-permission android:name="android.permission.INTERNET" />
12-->src/main/AndroidManifest.xml:4:5-67
12-->src/main/AndroidManifest.xml:4:22-64
13    <uses-permission android:name="android.permission.ACCESS_FINE_LOCATION" />
13-->src/main/AndroidManifest.xml:5:5-79
13-->src/main/AndroidManifest.xml:5:22-76
14    <uses-permission android:name="android.permission.READ_EXTERNAL_STORAGE" />
14-->src/main/AndroidManifest.xml:6:5-80
14-->src/main/AndroidManifest.xml:6:22-77
15    <uses-permission android:name="android.permission.CAMERA" />
15-->src/main/AndroidManifest.xml:7:5-65
15-->src/main/AndroidManifest.xml:7:22-62
16    <uses-permission android:name="android.permission.ACCESS_WIFI_STATE" />
16-->[com.facebook.flipper:flipper:0.54.0] AndroidManifest.xml:16:5-76
16-->[com.facebook.flipper:flipper:0.54.0] AndroidManifest.xml:16:22-73
17
18    <queries>
18-->[:react-native-image-crop-picker] AndroidManifest.xml:10:5-14:15
19        <intent>
19-->[:react-native-image-crop-picker] AndroidManifest.xml:11:9-13:18
20            <action android:name="android.media.action.IMAGE_CAPTURE" />
20-->[:react-native-image-crop-picker] AndroidManifest.xml:12:13-73
20-->[:react-native-image-crop-picker] AndroidManifest.xml:12:21-70
21        </intent>
22    </queries>
23
24    <uses-permission android:name="android.permission.WRITE_EXTERNAL_STORAGE" />
24-->[:react-native-image-crop-picker] AndroidManifest.xml:16:5-81
24-->[:react-native-image-crop-picker] AndroidManifest.xml:16:22-78
25
26    <application
26-->src/main/AndroidManifest.xml:9:5-28:19
27        android:name="com.theriphy.app.MainApplication"
27-->src/main/AndroidManifest.xml:10:7-38
28        android:allowBackup="false"
28-->src/main/AndroidManifest.xml:14:7-34
29        android:appComponentFactory="androidx.core.app.CoreComponentFactory"
29-->[androidx.core:core:1.3.1] AndroidManifest.xml:24:18-86
30        android:debuggable="true"
31        android:icon="@mipmap/ic_launcher"
31-->src/main/AndroidManifest.xml:12:7-41
32        android:label="@string/app_name"
32-->src/main/AndroidManifest.xml:11:7-39
33        android:roundIcon="@mipmap/ic_launcher_round"
33-->src/main/AndroidManifest.xml:13:7-52
34        android:theme="@style/AppTheme"
34-->src/main/AndroidManifest.xml:15:7-38
35        android:usesCleartextTraffic="true" >
35-->src/debug/AndroidManifest.xml:7:18-53
36        <activity
36-->src/main/AndroidManifest.xml:16:7-26:18
37            android:name="com.theriphy.app.MainActivity"
37-->src/main/AndroidManifest.xml:17:9-37
38            android:configChanges="keyboard|keyboardHidden|orientation|screenSize|uiMode"
38-->src/main/AndroidManifest.xml:19:9-86
39            android:label="@string/app_name"
39-->src/main/AndroidManifest.xml:18:9-41
40            android:launchMode="singleTask"
40-->src/main/AndroidManifest.xml:20:9-40
41            android:windowSoftInputMode="adjustPan" >
41-->src/main/AndroidManifest.xml:21:9-48
42            <intent-filter>
42-->src/main/AndroidManifest.xml:22:9-25:25
43                <action android:name="android.intent.action.MAIN" />
43-->src/main/AndroidManifest.xml:23:13-65
43-->src/main/AndroidManifest.xml:23:21-62
44
45                <category android:name="android.intent.category.LAUNCHER" />
45-->src/main/AndroidManifest.xml:24:13-73
45-->src/main/AndroidManifest.xml:24:23-70
46            </intent-filter>
47        </activity>
48        <activity android:name="com.facebook.react.devsupport.DevSettingsActivity" />
48-->src/main/AndroidManifest.xml:27:7-84
48-->src/main/AndroidManifest.xml:27:17-81
49
50        <provider
50-->[:react-native-image-crop-picker] AndroidManifest.xml:19:9-27:20
51            android:name="androidx.core.content.FileProvider"
51-->[:react-native-image-crop-picker] AndroidManifest.xml:20:13-62
52            android:authorities="com.theriphy.app.provider"
52-->[:react-native-image-crop-picker] AndroidManifest.xml:21:13-60
53            android:exported="false"
53-->[:react-native-image-crop-picker] AndroidManifest.xml:22:13-37
54            android:grantUriPermissions="true" >
54-->[:react-native-image-crop-picker] AndroidManifest.xml:23:13-47
55            <meta-data
55-->[:react-native-image-crop-picker] AndroidManifest.xml:24:13-26:58
56                android:name="android.support.FILE_PROVIDER_PATHS"
56-->[:react-native-image-crop-picker] AndroidManifest.xml:25:17-67
57                android:resource="@xml/provider_paths" />
57-->[:react-native-image-crop-picker] AndroidManifest.xml:26:17-55
58        </provider>
59
60        <activity
60-->[:react-native-image-crop-picker] AndroidManifest.xml:29:9-31:72
61            android:name="com.yalantis.ucrop.UCropActivity"
61-->[:react-native-image-crop-picker] AndroidManifest.xml:30:13-60
62            android:theme="@style/Theme.AppCompat.Light.NoActionBar" />
62-->[:react-native-image-crop-picker] AndroidManifest.xml:31:13-69
63
64        <provider
64-->[:react-native-image-picker] AndroidManifest.xml:12:9-20:20
65            android:name="com.imagepicker.ImagePickerProvider"
65-->[:react-native-image-picker] AndroidManifest.xml:13:13-63
66            android:authorities="com.theriphy.app.imagepickerprovider"
66-->[:react-native-image-picker] AndroidManifest.xml:14:13-71
67            android:exported="false"
67-->[:react-native-image-picker] AndroidManifest.xml:15:13-37
68            android:grantUriPermissions="true" >
68-->[:react-native-image-picker] AndroidManifest.xml:16:13-47
69            <meta-data
69-->[:react-native-image-crop-picker] AndroidManifest.xml:24:13-26:58
70                android:name="android.support.FILE_PROVIDER_PATHS"
70-->[:react-native-image-crop-picker] AndroidManifest.xml:25:17-67
71                android:resource="@xml/imagepicker_provider_paths" />
71-->[:react-native-image-crop-picker] AndroidManifest.xml:26:17-55
72        </provider>
73    </application>
74
75</manifest>